<?xml version="1.0" encoding="UTF-8"?>
<!-- Generated by org.testng.reporters.JUnitReportReporter -->
<testsuite skipped="1" hostname="LAPTOP-GIUG3SCF" name="com.visionit.orangehrm.testCases.Login_Tc_001_1" tests="2" failures="0" timestamp="7 Dec 2020 08:40:04 GMT" time="0.003" errors="1">
  <testcase name="loginOrgangeHrmTest1" time="0.003" classname="com.visionit.orangehrm.testCases.Login_Tc_001_1">
    <skipped/>
  </testcase> <!-- loginOrgangeHrmTest1 -->
  <testcase name="setUp" time="0.000" classname="com.visionit.orangehrm.testCases.Login_Tc_001_1">
    <error type="org.openqa.selenium.SessionNotCreatedException" message="session not created: This version of MSEdgeDriver only supports MSEdge version 85
Build info: version: &#039;3.141.59&#039;, revision: &#039;e82be7d358&#039;, time: &#039;2018-11-14T08:17:03&#039;
System info: host: &#039;LAPTOP-GIUG3SCF&#039;, ip: &#039;192.168.43.67&#039;, os.name: &#039;Windows 10&#039;, os.arch: &#039;amd64&#039;, os.version: &#039;10.0&#039;, java.version: &#039;1.8.0_141&#039;
Driver info: driver.version: EdgeDriver
remote stacktrace: Backtrace:
	Ordinal0 [0x00007FF6D5838F52+4099922]
	Ordinal0 [0x00007FF6D570E409+2876425]
	Ordinal0 [0x00007FF6D55801E7+1245671]
	Ordinal0 [0x00007FF6D54D50C6+544966]
	Ordinal0 [0x00007FF6D54D060F+525839]
	Ordinal0 [0x00007FF6D54CBDB8+507320]
	Ordinal0 [0x00007FF6D54FDA73+711283]
	Ordinal0 [0x00007FF6D54FB05F+700511]
	Ordinal0 [0x00007FF6D54D74B3+554163]
	Ordinal0 [0x00007FF6D54D824E+557646]
	Ordinal0 [0x00007FF6D572AA36+2992694]
	GetHandleVerifier [0x00007FF6D597B5B3+1202179]
	GetHandleVerifier [0x00007FF6D5990351+1287585]
	GetHandleVerifier [0x00007FF6D597C207+1205335]
	Ordinal0 [0x00007FF6D571F371+2945905]
	Ordinal0 [0x00007FF6D572C879+3000441]
	Ordinal0 [0x00007FF6D57414A8+3085480]
	BaseThreadInitThunk [0x00007FFE96BB7C24+20]
	RtlUserThreadStart [0x00007FFE96D0CEA1+33]
">
      <![CDATA[org.openqa.selenium.SessionNotCreatedException: session not created: This version of MSEdgeDriver only supports MSEdge version 85
Build info: version: '3.141.59', revision: 'e82be7d358', time: '2018-11-14T08:17:03'
System info: host: 'LAPTOP-GIUG3SCF', ip: '192.168.43.67', os.name: 'Windows 10', os.arch: 'amd64', os.version: '10.0', java.version: '1.8.0_141'
Driver info: driver.version: EdgeDriver
remote stacktrace: Backtrace:
	Ordinal0 [0x00007FF6D5838F52+4099922]
	Ordinal0 [0x00007FF6D570E409+2876425]
	Ordinal0 [0x00007FF6D55801E7+1245671]
	Ordinal0 [0x00007FF6D54D50C6+544966]
	Ordinal0 [0x00007FF6D54D060F+525839]
	Ordinal0 [0x00007FF6D54CBDB8+507320]
	Ordinal0 [0x00007FF6D54FDA73+711283]
	Ordinal0 [0x00007FF6D54FB05F+700511]
	Ordinal0 [0x00007FF6D54D74B3+554163]
	Ordinal0 [0x00007FF6D54D824E+557646]
	Ordinal0 [0x00007FF6D572AA36+2992694]
	GetHandleVerifier [0x00007FF6D597B5B3+1202179]
	GetHandleVerifier [0x00007FF6D5990351+1287585]
	GetHandleVerifier [0x00007FF6D597C207+1205335]
	Ordinal0 [0x00007FF6D571F371+2945905]
	Ordinal0 [0x00007FF6D572C879+3000441]
	Ordinal0 [0x00007FF6D57414A8+3085480]
	BaseThreadInitThunk [0x00007FFE96BB7C24+20]
	RtlUserThreadStart [0x00007FFE96D0CEA1+33]

	at sun.reflect.NativeConstructorAccessorImpl.newInstance0(Native Method)
	at sun.reflect.NativeConstructorAccessorImpl.newInstance(Unknown Source)
	at sun.reflect.DelegatingConstructorAccessorImpl.newInstance(Unknown Source)
	at java.lang.reflect.Constructor.newInstance(Unknown Source)
	at org.openqa.selenium.remote.W3CHandshakeResponse.lambda$errorHandler$0(W3CHandshakeResponse.java:62)
	at org.openqa.selenium.remote.HandshakeResponse.lambda$getResponseFunction$0(HandshakeResponse.java:30)
	at org.openqa.selenium.remote.ProtocolHandshake.lambda$createSession$0(ProtocolHandshake.java:126)
	at java.util.stream.ReferencePipeline$3$1.accept(Unknown Source)
	at java.util.Spliterators$ArraySpliterator.tryAdvance(Unknown Source)
	at java.util.stream.ReferencePipeline.forEachWithCancel(Unknown Source)
	at java.util.stream.AbstractPipeline.copyIntoWithCancel(Unknown Source)
	at java.util.stream.AbstractPipeline.copyInto(Unknown Source)
	at java.util.stream.AbstractPipeline.wrapAndCopyInto(Unknown Source)
	at java.util.stream.FindOps$FindOp.evaluateSequential(Unknown Source)
	at java.util.stream.AbstractPipeline.evaluate(Unknown Source)
	at java.util.stream.ReferencePipeline.findFirst(Unknown Source)
	at org.openqa.selenium.remote.ProtocolHandshake.createSession(ProtocolHandshake.java:128)
	at org.openqa.selenium.remote.ProtocolHandshake.createSession(ProtocolHandshake.java:74)
	at org.openqa.selenium.remote.HttpCommandExecutor.execute(HttpCommandExecutor.java:136)
	at org.openqa.selenium.remote.service.DriverCommandExecutor.execute(DriverCommandExecutor.java:83)
	at org.openqa.selenium.remote.RemoteWebDriver.execute(RemoteWebDriver.java:552)
	at org.openqa.selenium.remote.RemoteWebDriver.startSession(RemoteWebDriver.java:213)
	at org.openqa.selenium.remote.RemoteWebDriver.<init>(RemoteWebDriver.java:131)
	at org.openqa.selenium.edge.EdgeDriver.<init>(EdgeDriver.java:141)
	at org.openqa.selenium.edge.EdgeDriver.<init>(EdgeDriver.java:96)
	at com.visionit.orangehrm.pageObject.TestBase1.setUp(TestBase1.java:34)
	at sun.reflect.NativeMethodAccessorImpl.invoke0(Native Method)
	at sun.reflect.NativeMethodAccessorImpl.invoke(Unknown Source)
	at sun.reflect.DelegatingMethodAccessorImpl.invoke(Unknown Source)
	at java.lang.reflect.Method.invoke(Unknown Source)
	at org.testng.internal.MethodInvocationHelper.invokeMethod(MethodInvocationHelper.java:100)
	at org.testng.internal.Invoker.invokeConfigurationMethod(Invoker.java:515)
	at org.testng.internal.Invoker.invokeConfigurations(Invoker.java:216)
	at org.testng.internal.Invoker.invokeMethod(Invoker.java:590)
	at org.testng.internal.Invoker.invokeTestMethod(Invoker.java:811)
	at org.testng.internal.Invoker.invokeTestMethods(Invoker.java:1137)
	at org.testng.internal.TestMethodWorker.invokeTestMethods(TestMethodWorker.java:129)
	at org.testng.internal.TestMethodWorker.run(TestMethodWorker.java:112)
	at org.testng.TestRunner.privateRun(TestRunner.java:753)
	at org.testng.TestRunner.run(TestRunner.java:607)
	at org.testng.SuiteRunner.runTest(SuiteRunner.java:368)
	at org.testng.SuiteRunner.runSequentially(SuiteRunner.java:363)
	at org.testng.SuiteRunner.privateRun(SuiteRunner.java:321)
	at org.testng.SuiteRunner.run(SuiteRunner.java:270)
	at org.testng.SuiteRunnerWorker.runSuite(SuiteRunnerWorker.java:52)
	at org.testng.SuiteRunnerWorker.run(SuiteRunnerWorker.java:86)
	at org.testng.TestNG.runSuitesSequentially(TestNG.java:1284)
	at org.testng.TestNG.runSuitesLocally(TestNG.java:1209)
	at org.testng.TestNG.runSuites(TestNG.java:1124)
	at org.testng.TestNG.run(TestNG.java:1096)
	at org.testng.remote.AbstractRemoteTestNG.run(AbstractRemoteTestNG.java:132)
	at org.testng.remote.RemoteTestNG.initAndRun(RemoteTestNG.java:236)
	at org.testng.remote.RemoteTestNG.main(RemoteTestNG.java:81)
]]>
    </error>
  </testcase> <!-- setUp -->
</testsuite> <!-- com.visionit.orangehrm.testCases.Login_Tc_001_1 -->
